Arguments: 
  /Applications/Framer X 2.app/Contents/Resources/Node/bin/node /Applications/Framer X 2.app/Contents/Resources/Server/node_modules/yarn/lib/cli.js outdated --cwd /Users/emanuela/Library/Autosave Information/Framer-B460D8FE-3B14-4AD7-8317-E2E5E221A55D/container --skip-integrity-check --cache-folder /Users/emanuela/Library/Caches/Framer/yarn/cache --mutex file:/Users/emanuela/Library/Caches/Framer/yarn/mutex --json

PATH: 
  /usr/bin:/bin:/usr/sbin:/sbin

Yarn version: 
  1.9.4

Node version: 
  10.13.0

Platform: 
  darwin x64

Trace: 
  Error: getaddrinfo ENOTFOUND registry.framer.com registry.framer.com:443
      at GetAddrInfoReqWrap.onlookup [as oncomplete] (dns.js:57:26)

npm manifest: 
  {
  	"main": "dist/index.js",
  	"license": "MIT",
  	"devDependencies": {
  		"@framer/framer.device-skin-apple-macbook": "^1.0.0",
  		"@types/react": "^16.4.16",
  		"framer": "^0.10.5"
  	},
  	"peerDependencies": {
  		"framer": "^0.10.5",
  		"react": "^16.3.0",
  		"react-dom": "^16.3.0"
  	},
  	"framer": {
  		"id": "57127f87-ad62-42ae-bea2-9f22f2719098"
  	},
  	"author": "Emanuela Damiani",
  	"dependencies": {
  		"@framer/airbnb.lottie": "^1.1.0",
  		"@framer/asci.animate": "^1.2.0",
  		"@framer/dropbox.desktop-kit": "^1.1.0",
  		"@framer/gusso.magic-move": "^1.12.0",
  		"@framer/janvanwtf.youtube": "^1.3.0",
  		"@framer/krijn.video-player": "^1.9.0",
  		"@framer/lucasritter.windows-10-ui-kit": "^1.1.0",
  		"@framer/maxsteitle.resizable-window": "^1.3.0",
  		"@framer/zach.browser": "^1.3.0"
  	}
  }

yarn manifest: 
  No manifest

Lockfile: 
  # THIS IS AN AUTOGENERATED FILE. DO NOT EDIT THIS FILE DIRECTLY.
  # yarn lockfile v1
  
  
  "@framer/airbnb.lottie@^1.1.0":
    version "1.1.0"
    resolved "https://registry.framer.com/@framer/airbnb.lottie/-/@framer/airbnb.lottie-1.1.0.tgz#3a79c414ce3488a7d67dfeda0cb6dace698b4428"
    dependencies:
      lottie-web "^5.2.1"
      prop-types "^15.6.2"
      react-lottie "^1.2.3"
  
  "@framer/asci.animate@^1.2.0":
    version "1.2.0"
    resolved "https://registry.framer.com/@framer/asci.animate/-/@framer/asci.animate-1.2.0.tgz#3d04dc4fc22d7d9085e54f6750fcd1c08ce7ce9e"
  
  "@framer/dropbox.desktop-kit@^1.1.0":
    version "1.1.0"
    resolved "https://registry.framer.com/@framer/dropbox.desktop-kit/-/@framer/dropbox.desktop-kit-1.1.0.tgz#e450dbb9fbe5c64a291917dec71d8fc9d5edb5db"
    dependencies:
      dropbox "^4.0.9"
  
  "@framer/floris.unsplash@^1.1.0":
    version "1.1.0"
    resolved "https://registry.framer.com/@framer/floris.unsplash/-/@framer/floris.unsplash-1.1.0.tgz#1fb80fd4db4d9bd46bf20a6c1da3d83f756caa0a"
  
  "@framer/framer.device-skin-apple-macbook@^1.0.0":
    version "1.0.0"
    resolved "https://registry.framer.com/@framer/framer.device-skin-apple-macbook/-/@framer/framer.device-skin-apple-macbook-1.0.0.tgz#629be902072e943c637706178181a8b0622aa045"
  
  "@framer/gusso.magic-move@^1.12.0":
    version "1.12.0"
    resolved "https://registry.framer.com/@framer/gusso.magic-move/-/@framer/gusso.magic-move-1.12.0.tgz#db90e162d53fa29f38009167f5e21b4fa4029184"
  
  "@framer/janvanwtf.youtube@^1.3.0":
    version "1.3.0"
    resolved "https://registry.framer.com/@framer/janvanwtf.youtube/-/@framer/janvanwtf.youtube-1.3.0.tgz#3005b9d41b62159ad6e9d79ae4c64b5e91559153"
  
  "@framer/krijn.video-player@^1.9.0":
    version "1.9.0"
    resolved "https://registry.framer.com/@framer/krijn.video-player/-/@framer/krijn.video-player-1.9.0.tgz#ef2af14406d0d4d5a5c69aaabd72c804e2c8ef70"
  
  "@framer/lucasritter.windows-10-ui-kit@^1.1.0":
    version "1.1.0"
    resolved "https://registry.framer.com/@framer/lucasritter.windows-10-ui-kit/-/@framer/lucasritter.windows-10-ui-kit-1.1.0.tgz#ebbdc677075023185b773a0ea8dffc6bcf182775"
  
  "@framer/maxsteitle.resizable-window@^1.3.0":
    version "1.3.0"
    resolved "https://registry.framer.com/@framer/maxsteitle.resizable-window/-/@framer/maxsteitle.resizable-window-1.3.0.tgz#fc8d2dfed0170b119c8fe4d1be550ec18b3159dc"
  
  "@framer/zach.browser@^1.3.0":
    version "1.3.0"
    resolved "https://registry.framer.com/@framer/zach.browser/-/@framer/zach.browser-1.3.0.tgz#e28530041e89e318270af818a8941acaba61a438"
    dependencies:
      "@framer/floris.unsplash" "^1.1.0"
  
  "@types/prop-types@*":
    version "15.5.6"
    resolved "https://registry.yarnpkg.com/@types/prop-types/-/prop-types-15.5.6.tgz#9c03d3fed70a8d517c191b7734da2879b50ca26c"
  
  "@types/react@^16.4.16":
    version "16.4.16"
    resolved "https://registry.yarnpkg.com/@types/react/-/react-16.4.16.tgz#99f91b1200ae8c2062030402006d3b3c3a177043"
    dependencies:
      "@types/prop-types" "*"
      csstype "^2.2.0"
  
  babel-runtime@^6.26.0:
    version "6.26.0"
    resolved "https://registry.yarnpkg.com/babel-runtime/-/babel-runtime-6.26.0.tgz#965c7058668e82b55d7bfe04ff2337bc8b5647fe"
    dependencies:
      core-js "^2.4.0"
      regenerator-runtime "^0.11.0"
  
  base64-js@^1.0.2:
    version "1.3.0"
    resolved "https://registry.yarnpkg.com/base64-js/-/base64-js-1.3.0.tgz#cab1e6118f051095e58b5281aea8c1cd22bfc0e3"
  
  buffer@^5.0.8:
    version "5.2.1"
    resolved "https://registry.yarnpkg.com/buffer/-/buffer-5.2.1.tgz#dd57fa0f109ac59c602479044dca7b8b3d0b71d6"
    dependencies:
      base64-js "^1.0.2"
      ieee754 "^1.1.4"
  
  core-js@^2.4.0:
    version "2.6.3"
    resolved "https://registry.yarnpkg.com/core-js/-/core-js-2.6.3.tgz#4b70938bdffdaf64931e66e2db158f0892289c49"
  
  csstype@^2.2.0:
    version "2.5.5"
    resolved "https://registry.yarnpkg.com/csstype/-/csstype-2.5.5.tgz#4125484a3d42189a863943f23b9e4b80fedfa106"
  
  dropbox@^4.0.9:
    version "4.0.15"
    resolved "https://registry.yarnpkg.com/dropbox/-/dropbox-4.0.15.tgz#d7d1eb6d4c78092da1886d04313dc673139f14d2"
    dependencies:
      buffer "^5.0.8"
      moment "^2.19.3"
  
  framer@^0.10.5:
    version "0.10.5"
    resolved "https://registry.yarnpkg.com/framer/-/framer-0.10.5.tgz#44ca478658fd4ef77d7e84a948f612f2f541224a"
  
  ieee754@^1.1.4:
    version "1.1.12"
    resolved "https://registry.yarnpkg.com/ieee754/-/ieee754-1.1.12.tgz#50bf24e5b9c8bb98af4964c941cdb0918da7b60b"
  
  "js-tokens@^3.0.0 || ^4.0.0":
    version "4.0.0"
    resolved "https://registry.yarnpkg.com/js-tokens/-/js-tokens-4.0.0.tgz#19203fb59991df98e3a287050d4647cdeaf32499"
  
  loose-envify@^1.3.1:
    version "1.4.0"
    resolved "https://registry.yarnpkg.com/loose-envify/-/loose-envify-1.4.0.tgz#71ee51fa7be4caec1a63839f7e682d8132d30caf"
    dependencies:
      js-tokens "^3.0.0 || ^4.0.0"
  
  lottie-web@^5.1.3, lottie-web@^5.2.1:
    version "5.4.3"
    resolved "https://registry.yarnpkg.com/lottie-web/-/lottie-web-5.4.3.tgz#add7ca75a41f3f0c07c7defd81c1b8c5922e1a3e"
  
  moment@^2.19.3:
    version "2.24.0"
    resolved "https://registry.yarnpkg.com/moment/-/moment-2.24.0.tgz#0d055d53f5052aa653c9f6eb68bb5d12bf5c2b5b"
  
  object-assign@^4.1.1:
    version "4.1.1"
    resolved "https://registry.yarnpkg.com/object-assign/-/object-assign-4.1.1.tgz#2109adc7965887cfc05cbbd442cac8bfbb360863"
  
  prop-types@^15.6.2:
    version "15.6.2"
    resolved "https://registry.yarnpkg.com/prop-types/-/prop-types-15.6.2.tgz#05d5ca77b4453e985d60fc7ff8c859094a497102"
    dependencies:
      loose-envify "^1.3.1"
      object-assign "^4.1.1"
  
  react-lottie@^1.2.3:
    version "1.2.3"
    resolved "https://registry.yarnpkg.com/react-lottie/-/react-lottie-1.2.3.tgz#8544b96939e088658072eea5e12d912cdaa3acc1"
    dependencies:
      babel-runtime "^6.26.0"
      lottie-web "^5.1.3"
  
  regenerator-runtime@^0.11.0:
    version "0.11.1"
    resolved "https://registry.yarnpkg.com/regenerator-runtime/-/regenerator-runtime-0.11.1.tgz#be05ad7f9bf7d22e056f9726cee5017fbf19e2e9"
